<?xml version="1.0" encoding="UTF-8"?>
<!-- Generated by org.testng.reporters.JUnitReportReporter -->
<testsuite hostname="oodle00330" failures="0" tests="1" name="jenkins_using_batfile.SimpleTest001" time="15.859" errors="0" timestamp="2020-12-18T10:50:02 GMT" skipped="0">
  <testcase classname="jenkins_using_batfile.SimpleTest001" name="performSimpleTest" time="15.859"/>
  <system-out/>
</testsuite> <!-- jenkins_using_batfile.SimpleTest001 -->
